<?xml version="1.0" encoding="UTF-8"?>
<testng-results skipped="0" failed="1" ignored="0" total="3" passed="2">
  <reporter-output>
  </reporter-output>
  <suite name="Default suite" duration-ms="14707" started-at="2022-03-25T03:18:50 IST" finished-at="2022-03-25T03:19:04 IST">
    <groups>
    </groups>
    <test name="Default test" duration-ms="14707" started-at="2022-03-25T03:18:50 IST" finished-at="2022-03-25T03:19:04 IST">
      <class name="seleniumBaisc1.AlertPopUpHandle">
        <test-method status="PASS" signature="Setup()[pri:0, instance:seleniumBaisc1.AlertPopUpHandle@553a3d88]" name="Setup" is-config="true" duration-ms="6405" started-at="2022-03-25T03:18:50 IST" finished-at="2022-03-25T03:18:56 IST">
          <reporter-output>
          </reporter-output>
        </test-method> <!-- Setup -->
        <test-method status="PASS" signature="AlertPopUpTest()[pri:0, instance:seleniumBaisc1.AlertPopUpHandle@553a3d88]" name="AlertPopUpTest" duration-ms="2065" started-at="2022-03-25T03:18:56 IST" finished-at="2022-03-25T03:18:58 IST">
          <reporter-output>
          </reporter-output>
        </test-method> <!-- AlertPopUpTest -->
        <test-method status="PASS" signature="SwtichtoDefault()[pri:0, instance:seleniumBaisc1.AlertPopUpHandle@553a3d88]" name="SwtichtoDefault" duration-ms="120" started-at="2022-03-25T03:18:58 IST" finished-at="2022-03-25T03:18:58 IST">
          <reporter-output>
          </reporter-output>
        </test-method> <!-- SwtichtoDefault -->
        <test-method status="FAIL" signature="UploadbtnTest()[pri:0, instance:seleniumBaisc1.AlertPopUpHandle@553a3d88]" name="UploadbtnTest" duration-ms="4879" started-at="2022-03-25T03:18:58 IST" finished-at="2022-03-25T03:19:03 IST">
          <exception class="org.openqa.selenium.WebDriverException">
            <message>
              <![CDATA[Setting the file detector only works on remote webdriver instances obtained via RemoteWebDriver
Build info: version: '4.1.0', revision: '87802e897b'
System info: host: 'DESKTOP-QRB9RDA', ip: '192.168.2.101', os.name: 'Windows 10', os.arch: 'amd64', os.version: '10.0', java.version: '1.8.0_101'
Driver info: driver.version: ChromiumDriver]]>
            </message>
            <full-stacktrace>
              <![CDATA[org.openqa.selenium.WebDriverException: Setting the file detector only works on remote webdriver instances obtained via RemoteWebDriver
Build info: version: '4.1.0', revision: '87802e897b'
System info: host: 'DESKTOP-QRB9RDA', ip: '192.168.2.101', os.name: 'Windows 10', os.arch: 'amd64', os.version: '10.0', java.version: '1.8.0_101'
Driver info: driver.version: ChromiumDriver
at org.openqa.selenium.chromium.ChromiumDriver.setFileDetector(ChromiumDriver.java:159)
at seleniumBaisc1.AlertPopUpHandle.UploadbtnTest(AlertPopUpHandle.java:67)
at sun.reflect.NativeMethodAccessorImpl.invoke0(Native Method)
at sun.reflect.NativeMethodAccessorImpl.invoke(Unknown Source)
at sun.reflect.DelegatingMethodAccessorImpl.invoke(Unknown Source)
at java.lang.reflect.Method.invoke(Unknown Source)
at org.testng.internal.MethodInvocationHelper.invokeMethod(MethodInvocationHelper.java:133)
at org.testng.internal.TestInvoker.invokeMethod(TestInvoker.java:598)
at org.testng.internal.TestInvoker.invokeTestMethod(TestInvoker.java:173)
at org.testng.internal.MethodRunner.runInSequence(MethodRunner.java:46)
at org.testng.internal.TestInvoker$MethodInvocationAgent.invoke(TestInvoker.java:824)
at org.testng.internal.TestInvoker.invokeTestMethods(TestInvoker.java:146)
at org.testng.internal.TestMethodWorker.invokeTestMethods(TestMethodWorker.java:146)
at org.testng.internal.TestMethodWorker.run(TestMethodWorker.java:128)
at java.util.ArrayList.forEach(Unknown Source)
at org.testng.TestRunner.privateRun(TestRunner.java:794)
at org.testng.TestRunner.run(TestRunner.java:596)
at org.testng.SuiteRunner.runTest(SuiteRunner.java:377)
at org.testng.SuiteRunner.runSequentially(SuiteRunner.java:371)
at org.testng.SuiteRunner.privateRun(SuiteRunner.java:332)
at org.testng.SuiteRunner.run(SuiteRunner.java:276)
at org.testng.SuiteRunnerWorker.runSuite(SuiteRunnerWorker.java:53)
at org.testng.SuiteRunnerWorker.run(SuiteRunnerWorker.java:96)
at org.testng.TestNG.runSuitesSequentially(TestNG.java:1212)
at org.testng.TestNG.runSuitesLocally(TestNG.java:1134)
at org.testng.TestNG.runSuites(TestNG.java:1063)
at org.testng.TestNG.run(TestNG.java:1031)
at org.testng.remote.AbstractRemoteTestNG.run(AbstractRemoteTestNG.java:115)
at org.testng.remote.RemoteTestNG.initAndRun(RemoteTestNG.java:251)
at org.testng.remote.RemoteTestNG.main(RemoteTestNG.java:77)
]]>
            </full-stacktrace>
          </exception> <!-- org.openqa.selenium.WebDriverException -->
          <reporter-output>
          </reporter-output>
        </test-method> <!-- UploadbtnTest -->
        <test-method status="PASS" signature="setDown()[pri:0, instance:seleniumBaisc1.AlertPopUpHandle@553a3d88]" name="setDown" is-config="true" duration-ms="1136" started-at="2022-03-25T03:19:03 IST" finished-at="2022-03-25T03:19:04 IST">
          <reporter-output>
          </reporter-output>
        </test-method> <!-- setDown -->
      </class> <!-- seleniumBaisc1.AlertPopUpHandle -->
    </test> <!-- Default test -->
  </suite> <!-- Default suite -->
</testng-results>
